{
  "stats": {
    "suites": 1,
    "tests": 9,
    "passes": 9,
    "pending": 0,
    "failures": 0,
    "start": "2022-02-24T22:36:55.405Z",
    "end": "2022-02-24T22:37:25.238Z",
    "duration": 29833,
    "testsRegistered": 9,
    "passPercent": 100,
    "pendingPercent": 0,
    "other": 0,
    "hasOther": false,
    "skipped": 0,
    "hasSkipped": false
  },
  "results": [
    {
      "uuid": "af0e2e90-a675-4d35-81f7-e3ed3246bd1a",
      "title": "",
      "fullFile": "",
      "file": "",
      "beforeHooks": [],
      "afterHooks": [],
      "tests": [],
      "suites": [
        {
          "uuid": "a0a2020a-1b17-45ed-88a2-70ccfa72d03d",
          "title": "Test the product search functionality",
          "fullFile": "",
          "file": "",
          "beforeHooks": [],
          "afterHooks": [],
          "tests": [
            {
              "title": "Login into the platform",
              "fullTitle": "Test the product search functionality Login into the platform",
              "timedOut": null,
              "duration": 9640,
              "state": "passed",
              "speed": "medium",
              "pass": true,
              "fail": false,
              "pending": false,
              "context": null,
              "code": "const state = window.testState;\nreturn cy\n  .then(() => state.onStartScenario(scenario, indexedSteps))\n  .then(() =>\n    resolveAndRunBeforeHooks.call(this, scenario.tags, state.feature.name)\n  )\n  .then(() =>\n    indexedSteps.forEach((step) =>\n      stepTest.call(this, state, step, rowData)\n    )\n  )\n  .then(() => state.onFinishScenario(scenario));",
              "err": {},
              "uuid": "a1df1ed0-7735-43fe-ba53-f1acef6b5f55",
              "parentUUID": "a0a2020a-1b17-45ed-88a2-70ccfa72d03d",
              "isHook": false,
              "skipped": false
            },
            {
              "title": "Open Create customer form",
              "fullTitle": "Test the product search functionality Open Create customer form",
              "timedOut": null,
              "duration": 1362,
              "state": "passed",
              "speed": "fast",
              "pass": true,
              "fail": false,
              "pending": false,
              "context": null,
              "code": "const state = window.testState;\nreturn cy\n  .then(() => state.onStartScenario(scenario, indexedSteps))\n  .then(() =>\n    resolveAndRunBeforeHooks.call(this, scenario.tags, state.feature.name)\n  )\n  .then(() =>\n    indexedSteps.forEach((step) =>\n      stepTest.call(this, state, step, rowData)\n    )\n  )\n  .then(() => state.onFinishScenario(scenario));",
              "err": {},
              "uuid": "2fbc3684-69cc-4eee-82db-b2aff8a4b095",
              "parentUUID": "a0a2020a-1b17-45ed-88a2-70ccfa72d03d",
              "isHook": false,
              "skipped": false
            },
            {
              "title": "Create a new Customer",
              "fullTitle": "Test the product search functionality Create a new Customer",
              "timedOut": null,
              "duration": 3220,
              "state": "passed",
              "speed": "fast",
              "pass": true,
              "fail": false,
              "pending": false,
              "context": null,
              "code": "const state = window.testState;\nreturn cy\n  .then(() => state.onStartScenario(scenario, indexedSteps))\n  .then(() =>\n    resolveAndRunBeforeHooks.call(this, scenario.tags, state.feature.name)\n  )\n  .then(() =>\n    indexedSteps.forEach((step) =>\n      stepTest.call(this, state, step, rowData)\n    )\n  )\n  .then(() => state.onFinishScenario(scenario));",
              "err": {},
              "uuid": "0c5d00d6-b4a4-4511-9cdf-5c88eea03c0b",
              "parentUUID": "a0a2020a-1b17-45ed-88a2-70ccfa72d03d",
              "isHook": false,
              "skipped": false
            },
            {
              "title": "Create a new Customer with Address",
              "fullTitle": "Test the product search functionality Create a new Customer with Address",
              "timedOut": null,
              "duration": 6130,
              "state": "passed",
              "speed": "medium",
              "pass": true,
              "fail": false,
              "pending": false,
              "context": null,
              "code": "const state = window.testState;\nreturn cy\n  .then(() => state.onStartScenario(scenario, indexedSteps))\n  .then(() =>\n    resolveAndRunBeforeHooks.call(this, scenario.tags, state.feature.name)\n  )\n  .then(() =>\n    indexedSteps.forEach((step) =>\n      stepTest.call(this, state, step, rowData)\n    )\n  )\n  .then(() => state.onFinishScenario(scenario));",
              "err": {},
              "uuid": "f8467ab3-f1e3-449a-9ab9-4e1568b72b40",
              "parentUUID": "a0a2020a-1b17-45ed-88a2-70ccfa72d03d",
              "isHook": false,
              "skipped": false
            },
            {
              "title": "Delete the created data",
              "fullTitle": "Test the product search functionality Delete the created data",
              "timedOut": null,
              "duration": 964,
              "state": "passed",
              "speed": "fast",
              "pass": true,
              "fail": false,
              "pending": false,
              "context": null,
              "code": "const state = window.testState;\nreturn cy\n  .then(() => state.onStartScenario(scenario, indexedSteps))\n  .then(() =>\n    resolveAndRunBeforeHooks.call(this, scenario.tags, state.feature.name)\n  )\n  .then(() =>\n    indexedSteps.forEach((step) =>\n      stepTest.call(this, state, step, rowData)\n    )\n  )\n  .then(() => state.onFinishScenario(scenario));",
              "err": {},
              "uuid": "0fb34e92-c06e-4c10-8600-32a451448e50",
              "parentUUID": "a0a2020a-1b17-45ed-88a2-70ccfa72d03d",
              "isHook": false,
              "skipped": false
            },
            {
              "title": "Open Sales Order Page",
              "fullTitle": "Test the product search functionality Open Sales Order Page",
              "timedOut": null,
              "duration": 1332,
              "state": "passed",
              "speed": "fast",
              "pass": true,
              "fail": false,
              "pending": false,
              "context": null,
              "code": "const state = window.testState;\nreturn cy\n  .then(() => state.onStartScenario(scenario, indexedSteps))\n  .then(() =>\n    resolveAndRunBeforeHooks.call(this, scenario.tags, state.feature.name)\n  )\n  .then(() =>\n    indexedSteps.forEach((step) =>\n      stepTest.call(this, state, step, rowData)\n    )\n  )\n  .then(() => state.onFinishScenario(scenario));",
              "err": {},
              "uuid": "550ab97f-1bcc-47b6-9c75-33d7455201ea",
              "parentUUID": "a0a2020a-1b17-45ed-88a2-70ccfa72d03d",
              "isHook": false,
              "skipped": false
            },
            {
              "title": "Create a new Sales Order",
              "fullTitle": "Test the product search functionality Create a new Sales Order",
              "timedOut": null,
              "duration": 1752,
              "state": "passed",
              "speed": "fast",
              "pass": true,
              "fail": false,
              "pending": false,
              "context": null,
              "code": "const state = window.testState;\nreturn cy\n  .then(() => state.onStartScenario(scenario, indexedSteps))\n  .then(() =>\n    resolveAndRunBeforeHooks.call(this, scenario.tags, state.feature.name)\n  )\n  .then(() =>\n    indexedSteps.forEach((step) =>\n      stepTest.call(this, state, step, rowData)\n    )\n  )\n  .then(() => state.onFinishScenario(scenario));",
              "err": {},
              "uuid": "8aa93c9f-ff9c-40cc-b5ab-d9d041ffda72",
              "parentUUID": "a0a2020a-1b17-45ed-88a2-70ccfa72d03d",
              "isHook": false,
              "skipped": false
            },
            {
              "title": "Edit Customer Address of a Sales Order",
              "fullTitle": "Test the product search functionality Edit Customer Address of a Sales Order",
              "timedOut": null,
              "duration": 3568,
              "state": "passed",
              "speed": "fast",
              "pass": true,
              "fail": false,
              "pending": false,
              "context": null,
              "code": "const state = window.testState;\nreturn cy\n  .then(() => state.onStartScenario(scenario, indexedSteps))\n  .then(() =>\n    resolveAndRunBeforeHooks.call(this, scenario.tags, state.feature.name)\n  )\n  .then(() =>\n    indexedSteps.forEach((step) =>\n      stepTest.call(this, state, step, rowData)\n    )\n  )\n  .then(() => state.onFinishScenario(scenario));",
              "err": {},
              "uuid": "ca233287-0fb5-4878-ad86-c87b6bc27478",
              "parentUUID": "a0a2020a-1b17-45ed-88a2-70ccfa72d03d",
              "isHook": false,
              "skipped": false
            },
            {
              "title": "Delete Sales Order Data",
              "fullTitle": "Test the product search functionality Delete Sales Order Data",
              "timedOut": null,
              "duration": 1491,
              "state": "passed",
              "speed": "fast",
              "pass": true,
              "fail": false,
              "pending": false,
              "context": null,
              "code": "const state = window.testState;\nreturn cy\n  .then(() => state.onStartScenario(scenario, indexedSteps))\n  .then(() =>\n    resolveAndRunBeforeHooks.call(this, scenario.tags, state.feature.name)\n  )\n  .then(() =>\n    indexedSteps.forEach((step) =>\n      stepTest.call(this, state, step, rowData)\n    )\n  )\n  .then(() => state.onFinishScenario(scenario));",
              "err": {},
              "uuid": "71680231-5f3c-460a-ac49-bab350ca454b",
              "parentUUID": "a0a2020a-1b17-45ed-88a2-70ccfa72d03d",
              "isHook": false,
              "skipped": false
            }
          ],
          "suites": [],
          "passes": [
            "a1df1ed0-7735-43fe-ba53-f1acef6b5f55",
            "2fbc3684-69cc-4eee-82db-b2aff8a4b095",
            "0c5d00d6-b4a4-4511-9cdf-5c88eea03c0b",
            "f8467ab3-f1e3-449a-9ab9-4e1568b72b40",
            "0fb34e92-c06e-4c10-8600-32a451448e50",
            "550ab97f-1bcc-47b6-9c75-33d7455201ea",
            "8aa93c9f-ff9c-40cc-b5ab-d9d041ffda72",
            "ca233287-0fb5-4878-ad86-c87b6bc27478",
            "71680231-5f3c-460a-ac49-bab350ca454b"
          ],
          "failures": [],
          "pending": [],
          "skipped": [],
          "duration": 29459,
          "root": false,
          "rootEmpty": false,
          "_timeout": 2000
        }
      ],
      "passes": [],
      "failures": [],
      "pending": [],
      "skipped": [],
      "duration": 0,
      "root": true,
      "rootEmpty": true,
      "_timeout": 2000
    }
  ],
  "meta": {
    "mocha": {
      "version": "7.0.1"
    },
    "mochawesome": {
      "options": {
        "quiet": false,
        "reportFilename": "mochawesome",
        "saveHtml": true,
        "saveJson": true,
        "consoleReporter": "spec",
        "useInlineDiffs": false,
        "code": true
      },
      "version": "7.1.0"
    },
    "marge": {
      "options": {
        "id": "default",
        "reportDir": "cypress/reports/mocha",
        "quite": true,
        "overwrite": true,
        "html": true,
        "json": true
      },
      "version": "6.1.0"
    }
  }
}